# JRE version: OpenJDK Runtime Environment (17.0.7) (build 17.0.7+0-b2043.56-10550314)
# Java VM: OpenJDK 64-Bit Server VM (17.0.7+0-b2043.56-10550314, mixed mode, tiered, compressed oops, compressed class ptrs, g1 gc, windows-amd64)
GC Precious Log:
 CPUs: 12 total, 12 available
 Memory: 16229M
 Large Page Support: Disabled
 NUMA Support: Disabled
 Compressed Oops: Enabled (32-bit)
 Heap Region Size: 1M
 Heap Min Capacity: 8M
 Heap Initial Capacity: 254M
 Heap Max Capacity: 2G
 Pre-touch: Disabled
 Parallel Workers: 10
 Concurrent Workers: 3
 Concurrent Refinement Workers: 10
 Periodic GC: Disabled
Heap:
 garbage-first heap   total 82944K, used 45677K [0x0000000080000000, 0x0000000100000000)
  region size 1024K, 16 young (16384K), 4 survivors (4096K)
 Metaspace       used 53493K, committed 53952K, reserved 1114112K
  class space    used 7214K, committed 7424K, reserved 1048576K
GC Heap History (20 events):
Event: 1.379 GC heap before
{Heap before GC invocations=2 (full 0):
 garbage-first heap   total 260096K, used 58075K [0x0000000080000000, 0x0000000100000000)
  region size 1024K, 48 young (49152K), 3 survivors (3072K)
 Metaspace       used 21286K, committed 21504K, reserved 1114112K
  class space    used 2570K, committed 2624K, reserved 1048576K
}
Event: 1.382 GC heap after
{Heap after GC invocations=3 (full 0):
 garbage-first heap   total 260096K, used 18592K [0x0000000080000000, 0x0000000100000000)
  region size 1024K, 8 young (8192K), 8 survivors (8192K)
 Metaspace       used 21286K, committed 21504K, reserved 1114112K
  class space    used 2570K, committed 2624K, reserved 1048576K
}
Event: 1.743 GC heap before
{Heap before GC invocations=4 (full 0):
 garbage-first heap   total 68608K, used 50336K [0x0000000080000000, 0x0000000100000000)
  region size 1024K, 40 young (40960K), 8 survivors (8192K)
 Metaspace       used 25944K, committed 26176K, reserved 1114112K
  class space    used 3391K, committed 3520K, reserved 1048576K
}
Event: 1.746 GC heap after
{Heap after GC invocations=5 (full 0):
 garbage-first heap   total 68608K, used 20963K [0x0000000080000000, 0x0000000100000000)
  region size 1024K, 3 young (3072K), 3 survivors (3072K)
 Metaspace       used 25944K, committed 26176K, reserved 1114112K
  class space    used 3391K, committed 3520K, reserved 1048576K
}
Event: 1.979 GC heap before
{Heap before GC invocations=5 (full 0):
 garbage-first heap   total 68608K, used 47587K [0x0000000080000000, 0x0000000100000000)
  region size 1024K, 29 young (29696K), 3 survivors (3072K)
 Metaspace       used 29709K, committed 29952K, reserved 1114112K
  class space    used 3992K, committed 4096K, reserved 1048576K
}
Event: 1.980 GC heap after
{Heap after GC invocations=6 (full 0):
 garbage-first heap   total 68608K, used 22083K [0x0000000080000000, 0x0000000100000000)
  region size 1024K, 4 young (4096K), 4 survivors (4096K)
 Metaspace       used 29709K, committed 29952K, reserved 1114112K
  class space    used 3992K, committed 4096K, reserved 1048576K
}
Event: 2.220 GC heap before
{Heap before GC invocations=6 (full 0):
 garbage-first heap   total 68608K, used 48707K [0x0000000080000000, 0x0000000100000000)
  region size 1024K, 31 young (31744K), 4 survivors (4096K)
 Metaspace       used 33316K, committed 33600K, reserved 1114112K
  class space    used 4573K, committed 4672K, reserved 1048576K
}
Event: 2.222 GC heap after
{Heap after GC invocations=7 (full 0):
 garbage-first heap   total 68608K, used 23385K [0x0000000080000000, 0x0000000100000000)
  region size 1024K, 3 young (3072K), 3 survivors (3072K)
 Metaspace       used 33316K, committed 33600K, reserved 1114112K
  class space    used 4573K, committed 4672K, reserved 1048576K
}
Event: 2.350 GC heap before
{Heap before GC invocations=7 (full 0):
 garbage-first heap   total 68608K, used 35673K [0x0000000080000000, 0x0000000100000000)
  region size 1024K, 16 young (16384K), 3 survivors (3072K)
 Metaspace       used 35590K, committed 35968K, reserved 1114112K
  class space    used 4933K, committed 5120K, reserved 1048576K
}
Event: 2.352 GC heap after
{Heap after GC invocations=8 (full 0):
 garbage-first heap   total 68608K, used 24527K [0x0000000080000000, 0x0000000100000000)
  region size 1024K, 3 young (3072K), 3 survivors (3072K)
 Metaspace       used 35590K, committed 35968K, reserved 1114112K
  class space    used 4933K, committed 5120K, reserved 1048576K
}
Event: 2.587 GC heap before
{Heap before GC invocations=9 (full 0):
 garbage-first heap   total 68608K, used 50127K [0x0000000080000000, 0x0000000100000000)
  region size 1024K, 29 young (29696K), 3 survivors (3072K)
 Metaspace       used 41109K, committed 41472K, reserved 1114112K
  class space    used 5474K, committed 5632K, reserved 1048576K
}
Event: 2.590 GC heap after
{Heap after GC invocations=10 (full 0):
 garbage-first heap   total 68608K, used 27881K [0x0000000080000000, 0x0000000100000000)
  region size 1024K, 4 young (4096K), 4 survivors (4096K)
 Metaspace       used 41109K, committed 41472K, reserved 1114112K
  class space    used 5474K, committed 5632K, reserved 1048576K
}
Event: 2.750 GC heap before
{Heap before GC invocations=10 (full 0):
 garbage-first heap   total 68608K, used 56553K [0x0000000080000000, 0x0000000100000000)
  region size 1024K, 28 young (28672K), 4 survivors (4096K)
 Metaspace       used 43069K, committed 43392K, reserved 1114112K
  class space    used 5641K, committed 5760K, reserved 1048576K
}
Event: 2.751 GC heap after
{Heap after GC invocations=11 (full 0):
 garbage-first heap   total 68608K, used 30064K [0x0000000080000000, 0x0000000100000000)
  region size 1024K, 3 young (3072K), 3 survivors (3072K)
 Metaspace       used 43069K, committed 43392K, reserved 1114112K
  class space    used 5641K, committed 5760K, reserved 1048576K
}
Event: 2.982 GC heap before
{Heap before GC invocations=11 (full 0):
 garbage-first heap   total 68608K, used 53616K [0x0000000080000000, 0x0000000100000000)
  region size 1024K, 25 young (25600K), 3 survivors (3072K)
 Metaspace       used 45065K, committed 45504K, reserved 1114112K
  class space    used 5848K, committed 6016K, reserved 1048576K
}
Event: 2.984 GC heap after
{Heap after GC invocations=12 (full 0):
 garbage-first heap   total 82944K, used 31056K [0x0000000080000000, 0x0000000100000000)
  region size 1024K, 2 young (2048K), 2 survivors (2048K)
 Metaspace       used 45065K, committed 45504K, reserved 1114112K
  class space    used 5848K, committed 6016K, reserved 1048576K
}
Event: 3.481 GC heap before
{Heap before GC invocations=12 (full 0):
 garbage-first heap   total 82944K, used 63824K [0x0000000080000000, 0x0000000100000000)
  region size 1024K, 34 young (34816K), 2 survivors (2048K)
 Metaspace       used 48775K, committed 49280K, reserved 1114112K
  class space    used 6495K, committed 6720K, reserved 1048576K
}
Event: 3.483 GC heap after
{Heap after GC invocations=13 (full 0):
 garbage-first heap   total 82944K, used 32956K [0x0000000080000000, 0x0000000100000000)
  region size 1024K, 3 young (3072K), 3 survivors (3072K)
 Metaspace       used 48775K, committed 49280K, reserved 1114112K
  class space    used 6495K, committed 6720K, reserved 1048576K
}
Event: 3.868 GC heap before
{Heap before GC invocations=13 (full 0):
 garbage-first heap   total 82944K, used 64700K [0x0000000080000000, 0x0000000100000000)
  region size 1024K, 34 young (34816K), 3 survivors (3072K)
 Metaspace       used 52636K, committed 53120K, reserved 1114112K
  class space    used 7102K, committed 7296K, reserved 1048576K
}
Event: 3.871 GC heap after
{Heap after GC invocations=14 (full 0):
 garbage-first heap   total 82944K, used 34413K [0x0000000080000000, 0x0000000100000000)
  region size 1024K, 4 young (4096K), 4 survivors (4096K)
 Metaspace       used 52636K, committed 53120K, reserved 1114112K
  class space    used 7102K, committed 7296K, reserved 1048576K
}

